#-----------------------------------------------------------
# Vivado v2024.1.2 (64-bit)
# SW Build 5164865 on Thu Sep  5 14:37:11 MDT 2024
# IP Build 5164407 on Fri Sep  6 08:18:11 MDT 2024
# SharedData Build 5164864 on Thu Sep 05 13:09:09 MDT 2024
# Start of session at: Thu Nov  7 11:09:00 2024
# Process ID: 3564
# Current directory: C:/Projects/ERN24004/Projects/Cora-Z7-07S-AD1_DMA
# Command line: vivado.exe -gui_launcher_event rodinguilauncherevent22232 C:\Projects\ERN24004\Projects\Cora-Z7-07S-AD1_DMA\Cora-Z7-07S-AD1_DMA.xpr
# Log file: C:/Projects/ERN24004/Projects/Cora-Z7-07S-AD1_DMA/vivado.log
# Journal file: C:/Projects/ERN24004/Projects/Cora-Z7-07S-AD1_DMA\vivado.jou
# Running On        :DonGun
# Platform          :Windows Server 2016 or Windows 10
# Operating System  :22631
# Processor Detail  :13th Gen Intel(R) Core(TM) i7-13700K
# CPU Frequency     :3418 MHz
# CPU Physical cores:16
# CPU Logical cores :24
# Host memory       :34124 MB
# Swap memory       :2147 MB
# Total Virtual     :36272 MB
# Available Virtual :24755 MB
#-----------------------------------------------------------
start_gui
open_project C:/Projects/ERN24004/Projects/Cora-Z7-07S-AD1_DMA/Cora-Z7-07S-AD1_DMA.xpr
WARNING: [Board 49-26] cannot add Board Part xilinx.com:vek280_es:part0:1.0 available at C:/Xilinx/Vivado/2024.1/data/xhub/boards/XilinxBoardStore/boards/Xilinx/vek280/es/rev_a/1.0/board.xml as part xcve2802-vsvh1760-2lp-e-s-es1 specified in board_part file is either invalid or not available
WARNING: [Board 49-26] cannot add Board Part xilinx.com:vek280_es:part0:1.1 available at C:/Xilinx/Vivado/2024.1/data/xhub/boards/XilinxBoardStore/boards/Xilinx/vek280/es/rev_a/1.1/board.xml as part xcve2802-vsvh1760-2lp-e-s-es1 specified in board_part file is either invalid or not available
WARNING: [Board 49-26] cannot add Board Part xilinx.com:vek280_es_revb:part0:1.0 available at C:/Xilinx/Vivado/2024.1/data/xhub/boards/XilinxBoardStore/boards/Xilinx/vek280/es/rev_b/1.0/board.xml as part xcve2802-vsvh1760-2mp-e-s-es1 specified in board_part file is either invalid or not available
WARNING: [Board 49-26] cannot add Board Part xilinx.com:vek280_es_revb:part0:1.1 available at C:/Xilinx/Vivado/2024.1/data/xhub/boards/XilinxBoardStore/boards/Xilinx/vek280/es/rev_b/1.1/board.xml as part xcve2802-vsvh1760-2mp-e-s-es1 specified in board_part file is either invalid or not available
WARNING: [Board 49-26] cannot add Board Part xilinx.com:vhk158_es:part0:1.0 available at C:/Xilinx/Vivado/2024.1/data/xhub/boards/XilinxBoardStore/boards/Xilinx/vhk158/es/1.0/board.xml as part xcvh1582-vsva3697-2mp-e-s-es1 specified in board_part file is either invalid or not available
WARNING: [Board 49-26] cannot add Board Part xilinx.com:vhk158_es:part0:1.1 available at C:/Xilinx/Vivado/2024.1/data/xhub/boards/XilinxBoardStore/boards/Xilinx/vhk158/es/1.1/board.xml as part xcvh1582-vsva3697-2mp-e-s-es1 specified in board_part file is either invalid or not available
WARNING: [Board 49-26] cannot add Board Part xilinx.com:zcu208ld:part0:2.0 available at C:/Xilinx/Vivado/2024.1/data/xhub/boards/XilinxBoardStore/boards/Xilinx/zcu208ld/production/2.0/board.xml as part xczu58dr-fsvg1517-2-i specified in board_part file is either invalid or not available
WARNING: [Board 49-26] cannot add Board Part xilinx.com:zcu216ld:part0:2.0 available at C:/Xilinx/Vivado/2024.1/data/xhub/boards/XilinxBoardStore/boards/Xilinx/zcu216ld/production/2.0/board.xml as part xczu59dr-ffvf1760-2-i specified in board_part file is either invalid or not available
WARNING: [Board 49-26] cannot add Board Part xilinx.com:zcu670ld:part0:1.0 available at C:/Xilinx/Vivado/2024.1/data/xhub/boards/XilinxBoardStore/boards/Xilinx/zcu670ld/1.0/board.xml as part xczu57dr-fsve1156-2-i specified in board_part file is either invalid or not available
Scanning sources...
Finished scanning sources
INFO: [IP_Flow 19-234] Refreshing IP repositories
INFO: [IP_Flow 19-1700] Loaded user IP repository 'c:/Projects/ERN24004/Projects/ip_repo/myip_1_0'.
INFO: [IP_Flow 19-1700] Loaded user IP repository 'c:/Projects/ERN24004/Projects/Cora-Z7-07S-AD1_DMA/ip_repo'.
INFO: [IP_Flow 19-2313] Loaded Vivado IP repository 'C:/Xilinx/Vivado/2024.1/data/ip'.
open_project: Time (s): cpu = 00:00:07 ; elapsed = 00:00:10 . Memory (MB): peak = 1827.359 ; gain = 571.387
update_compile_order -fileset sources_1
open_bd_design {C:/Projects/ERN24004/Projects/Cora-Z7-07S-AD1_DMA/Cora-Z7-07S-AD1_DMA.srcs/sources_1/bd/Fir_filter/Fir_filter.bd}
Reading block design file <C:/Projects/ERN24004/Projects/Cora-Z7-07S-AD1_DMA/Cora-Z7-07S-AD1_DMA.srcs/sources_1/bd/Fir_filter/Fir_filter.bd>...
Adding component instance block -- xilinx.com:ip:processing_system7:5.5 - processing_system7_0
Adding component instance block -- xilinx.com:ip:axi_interconnect:2.1 - ps7_0_axi_periph
Adding component instance block -- xilinx.com:ip:axi_crossbar:2.1 - xbar
Adding component instance block -- xilinx.com:ip:axi_protocol_converter:2.1 - auto_pc
Adding component instance block -- xilinx.com:ip:axi_mmu:2.1 - s01_mmu
Adding component instance block -- xilinx.com:ip:proc_sys_reset:5.0 - rst_ps7_0_50M
Adding component instance block -- xilinx.com:ip:axi_interconnect:2.1 - axi_mem_intercon
Adding component instance block -- xilinx.com:ip:axi_crossbar:2.1 - xbar
Adding component instance block -- xilinx.com:ip:axi_dwidth_converter:2.1 - auto_us
Adding component instance block -- xilinx.com:ip:axi_dwidth_converter:2.1 - auto_us
Adding component instance block -- xilinx.com:ip:axi_protocol_converter:2.1 - auto_pc
Adding component instance block -- spicerconsulting:IP:AD1DMA:1.0 - AD1_DMA
Adding component instance block -- xilinx.com:ip:fir_compiler:7.2 - fir
Adding component instance block -- xilinx.com:ip:axi_dma:7.1 - fir_dma
Successfully read diagram <Fir_filter> from block design file <C:/Projects/ERN24004/Projects/Cora-Z7-07S-AD1_DMA/Cora-Z7-07S-AD1_DMA.srcs/sources_1/bd/Fir_filter/Fir_filter.bd>
assign_bd_address
INFO: [BD 41-3093] Triggering Legacy Auto Assign Algorithm
Slave segment '/AD1_DMA/AXI_LITE_SAMPLE/Reg0' is being assigned into address space '/AD1_DMA/m_axi' at <0x43C0_0000 [ 64K ]>.
Slave segment '/fir_dma/S_AXI_LITE/Reg' is being assigned into address space '/AD1_DMA/m_axi' at <0x4040_0000 [ 64K ]>.
validate_bd_design
INFO: [xilinx.com:ip:fir_compiler:7.2-913] /fir Data_Width has been set to manual on the GUI. It will not be updated during validation with a propagated value.
CRITICAL WARNING: [BD 41-759] The input pins (listed below) are either not connected or do not have a source port, and they don't have a tie-off specified. These pins are tied-off to all 0's to avoid error in Implementation flow.
Please check your design and connect them as needed: 
/AD1_DMA/m_axi_init_axi_txn

save_bd_design
Wrote  : <C:\Projects\ERN24004\Projects\Cora-Z7-07S-AD1_DMA\Cora-Z7-07S-AD1_DMA.srcs\sources_1\bd\Fir_filter\Fir_filter.bd> 
Wrote  : <C:/Projects/ERN24004/Projects/Cora-Z7-07S-AD1_DMA/Cora-Z7-07S-AD1_DMA.srcs/sources_1/bd/Fir_filter/ui/bd_7f657328.ui> 
launch_runs impl_1 -to_step write_bitstream -jobs 4
INFO: [BD 41-1662] The design 'Fir_filter.bd' is already validated. Therefore parameter propagation will not be re-run.
CRITICAL WARNING: [BD 41-759] The input pins (listed below) are either not connected or do not have a source port, and they don't have a tie-off specified. These pins are tied-off to all 0's to avoid error in Implementation flow.
Please check your design and connect them as needed: 
/AD1_DMA/m_axi_init_axi_txn

WARNING: [BD 41-2384] Width mismatch when connecting pin: '/axi_mem_intercon/m00_couplers/auto_pc/m_axi_rid'(1) to pin: '/axi_mem_intercon/m00_couplers/M_AXI_rid'(6) - Only lower order bits will be connected.
WARNING: [BD 41-2384] Width mismatch when connecting pin: '/axi_mem_intercon/m00_couplers/auto_pc/m_axi_bid'(1) to pin: '/axi_mem_intercon/m00_couplers/M_AXI_bid'(6) - Only lower order bits will be connected.
WARNING: [BD 41-2384] Width mismatch when connecting pin: '/processing_system7_0/S_AXI_HP0_AWID'(6) to pin: '/axi_mem_intercon/M00_AXI_awid'(1) - Only lower order bits will be connected.
WARNING: [BD 41-2384] Width mismatch when connecting pin: '/processing_system7_0/S_AXI_HP0_ARID'(6) to pin: '/axi_mem_intercon/M00_AXI_arid'(1) - Only lower order bits will be connected.
WARNING: [BD 41-2384] Width mismatch when connecting pin: '/processing_system7_0/S_AXI_HP0_WID'(6) to pin: '/axi_mem_intercon/M00_AXI_wid'(1) - Only lower order bits will be connected.
Verilog Output written to : c:/Projects/ERN24004/Projects/Cora-Z7-07S-AD1_DMA/Cora-Z7-07S-AD1_DMA.gen/sources_1/bd/Fir_filter/synth/Fir_filter.v
WARNING: [BD 41-2384] Width mismatch when connecting pin: '/axi_mem_intercon/m00_couplers/auto_pc/m_axi_rid'(1) to pin: '/axi_mem_intercon/m00_couplers/M_AXI_rid'(6) - Only lower order bits will be connected.
WARNING: [BD 41-2384] Width mismatch when connecting pin: '/axi_mem_intercon/m00_couplers/auto_pc/m_axi_bid'(1) to pin: '/axi_mem_intercon/m00_couplers/M_AXI_bid'(6) - Only lower order bits will be connected.
WARNING: [BD 41-2384] Width mismatch when connecting pin: '/processing_system7_0/S_AXI_HP0_AWID'(6) to pin: '/axi_mem_intercon/M00_AXI_awid'(1) - Only lower order bits will be connected.
WARNING: [BD 41-2384] Width mismatch when connecting pin: '/processing_system7_0/S_AXI_HP0_ARID'(6) to pin: '/axi_mem_intercon/M00_AXI_arid'(1) - Only lower order bits will be connected.
WARNING: [BD 41-2384] Width mismatch when connecting pin: '/processing_system7_0/S_AXI_HP0_WID'(6) to pin: '/axi_mem_intercon/M00_AXI_wid'(1) - Only lower order bits will be connected.
Verilog Output written to : c:/Projects/ERN24004/Projects/Cora-Z7-07S-AD1_DMA/Cora-Z7-07S-AD1_DMA.gen/sources_1/bd/Fir_filter/sim/Fir_filter.v
Verilog Output written to : c:/Projects/ERN24004/Projects/Cora-Z7-07S-AD1_DMA/Cora-Z7-07S-AD1_DMA.gen/sources_1/bd/Fir_filter/hdl/Fir_filter_wrapper.v
INFO: [IP_Flow 19-5611] Unable to find an associated reset port for the interface 'M_AXI_GP0'. A default connection has been created.
INFO: [IP_Flow 19-5611] Unable to find an associated reset port for the interface 'S_AXI_HP0'. A default connection has been created.
INFO: [BD 41-1029] Generation completed for the IP Integrator block processing_system7_0 .
INFO: [BD 41-1029] Generation completed for the IP Integrator block ps7_0_axi_periph/xbar .
CRITICAL WARNING: [IP_Flow 19-4965] IP pmod_bridge_0 was packaged with board value 'digilentinc.com:arty:part0:1.1'. Current project's board value is 'digilentinc.com:cora-z7-07s:part0:1.1'. Please update the project settings to match the packaged IP.
INFO: [IP_Flow 19-1972] Upgraded pmod_bridge_0 from Pmod Bridge 1.0 to Pmod Bridge 1.1
RUNNING BOARD.XIT
    c:/Projects/ERN24004/Projects/Cora-Z7-07S-AD1_DMA/Cora-Z7-07S-AD1_DMA.gen/sources_1/bd/Fir_filter/ip/Fir_filter_PmodAD1_0_0/src/pmod_bridge_0/pmod_bridge_0_board.xdc
INFO: [BD 41-1029] Generation completed for the IP Integrator block AD1_DMA .
WARNING: [IP_Flow 19-4994] Overwriting existing constraint file 'c:/Projects/ERN24004/Projects/Cora-Z7-07S-AD1_DMA/Cora-Z7-07S-AD1_DMA.gen/sources_1/bd/Fir_filter/ip/Fir_filter_auto_pc_0/Fir_filter_auto_pc_0_ooc.xdc'
INFO: [BD 41-1029] Generation completed for the IP Integrator block ps7_0_axi_periph/s00_couplers/auto_pc .
WARNING: [IP_Flow 19-4994] Overwriting existing constraint file 'c:/Projects/ERN24004/Projects/Cora-Z7-07S-AD1_DMA/Cora-Z7-07S-AD1_DMA.gen/sources_1/bd/Fir_filter/ip/Fir_filter_auto_us_0/Fir_filter_auto_us_0_ooc.xdc'
INFO: [IP_Flow 19-5611] Unable to find an associated reset port for the interface 'S_AXI'. A default connection has been created.
INFO: [IP_Flow 19-5611] Unable to find an associated reset port for the interface 'M_AXI'. A default connection has been created.
INFO: [BD 41-1029] Generation completed for the IP Integrator block axi_mem_intercon/s00_couplers/auto_us .
WARNING: [IP_Flow 19-4994] Overwriting existing constraint file 'c:/Projects/ERN24004/Projects/Cora-Z7-07S-AD1_DMA/Cora-Z7-07S-AD1_DMA.gen/sources_1/bd/Fir_filter/ip/Fir_filter_auto_us_1/Fir_filter_auto_us_1_ooc.xdc'
INFO: [IP_Flow 19-5611] Unable to find an associated reset port for the interface 'S_AXI'. A default connection has been created.
INFO: [IP_Flow 19-5611] Unable to find an associated reset port for the interface 'M_AXI'. A default connection has been created.
INFO: [BD 41-1029] Generation completed for the IP Integrator block axi_mem_intercon/s01_couplers/auto_us .
WARNING: [IP_Flow 19-4994] Overwriting existing constraint file 'c:/Projects/ERN24004/Projects/Cora-Z7-07S-AD1_DMA/Cora-Z7-07S-AD1_DMA.gen/sources_1/bd/Fir_filter/ip/Fir_filter_auto_pc_1/Fir_filter_auto_pc_1_ooc.xdc'
INFO: [BD 41-1029] Generation completed for the IP Integrator block axi_mem_intercon/m00_couplers/auto_pc .
Exporting to file c:/Projects/ERN24004/Projects/Cora-Z7-07S-AD1_DMA/Cora-Z7-07S-AD1_DMA.gen/sources_1/bd/Fir_filter/hw_handoff/Fir_filter.hwh
Generated Hardware Definition File c:/Projects/ERN24004/Projects/Cora-Z7-07S-AD1_DMA/Cora-Z7-07S-AD1_DMA.gen/sources_1/bd/Fir_filter/synth/Fir_filter.hwdef
INFO: [IP_Flow 19-6930] IPCACHE: runCacheChecks() number of threads = 8
INFO: [IP_Flow 19-6921] IPCACHE: Adding cache check func to thread queue for IP Fir_filter_PmodAD1_0_0
INFO: [IP_Flow 19-6921] IPCACHE: Adding cache check func to thread queue for IP Fir_filter_auto_pc_0
INFO: [IP_Flow 19-6921] IPCACHE: Adding cache check func to thread queue for IP Fir_filter_auto_pc_1
INFO: [IP_Flow 19-6921] IPCACHE: Adding cache check func to thread queue for IP Fir_filter_auto_us_0
INFO: [IP_Flow 19-6921] IPCACHE: Adding cache check func to thread queue for IP Fir_filter_auto_us_1
INFO: [IP_Flow 19-6921] IPCACHE: Adding cache check func to thread queue for IP Fir_filter_xbar_1
INFO: [IP_Flow 19-8020] IPCACHE: runCacheChecks() calling threadPool finishWork()
INFO: [IP_Flow 19-6924] IPCACHE: Running cache check for IP inst: Fir_filter_PmodAD1_0_0
INFO: [IP_Flow 19-6924] IPCACHE: Running cache check for IP inst: Fir_filter_auto_pc_0
INFO: [IP_Flow 19-6922] IPCACHE: Exporting cached entry 8303ab40dec7ec38 to dir: c:/Projects/ERN24004/Projects/Cora-Z7-07S-AD1_DMA/Cora-Z7-07S-AD1_DMA.gen/sources_1/bd/Fir_filter/ip/Fir_filter_auto_pc_0
INFO: [IP_Flow 19-6928] IPCACHE: copied cached file c:/Projects/ERN24004/Projects/Cora-Z7-07S-AD1_DMA/Cora-Z7-07S-AD1_DMA.cache/ip/2024.1.2/8/3/8303ab40dec7ec38/Fir_filter_auto_pc_0.dcp to c:/Projects/ERN24004/Projects/Cora-Z7-07S-AD1_DMA/Cora-Z7-07S-AD1_DMA.gen/sources_1/bd/Fir_filter/ip/Fir_filter_auto_pc_0/Fir_filter_auto_pc_0.dcp.
INFO: [IP_Flow 19-6926] IPCACHE: added file to list for BOM: c:/Projects/ERN24004/Projects/Cora-Z7-07S-AD1_DMA/Cora-Z7-07S-AD1_DMA.gen/sources_1/bd/Fir_filter/ip/Fir_filter_auto_pc_0/Fir_filter_auto_pc_0.dcp
INFO: [IP_Flow 19-6928] IPCACHE: copied cached file c:/Projects/ERN24004/Projects/Cora-Z7-07S-AD1_DMA/Cora-Z7-07S-AD1_DMA.cache/ip/2024.1.2/8/3/8303ab40dec7ec38/Fir_filter_auto_pc_0_sim_netlist.v to c:/Projects/ERN24004/Projects/Cora-Z7-07S-AD1_DMA/Cora-Z7-07S-AD1_DMA.gen/sources_1/bd/Fir_filter/ip/Fir_filter_auto_pc_0/Fir_filter_auto_pc_0_sim_netlist.v.
INFO: [IP_Flow 19-6926] IPCACHE: added file to list for BOM: c:/Projects/ERN24004/Projects/Cora-Z7-07S-AD1_DMA/Cora-Z7-07S-AD1_DMA.gen/sources_1/bd/Fir_filter/ip/Fir_filter_auto_pc_0/Fir_filter_auto_pc_0_sim_netlist.v
INFO: [IP_Flow 19-6928] IPCACHE: copied cached file c:/Projects/ERN24004/Projects/Cora-Z7-07S-AD1_DMA/Cora-Z7-07S-AD1_DMA.cache/ip/2024.1.2/8/3/8303ab40dec7ec38/Fir_filter_auto_pc_0_sim_netlist.vhdl to c:/Projects/ERN24004/Projects/Cora-Z7-07S-AD1_DMA/Cora-Z7-07S-AD1_DMA.gen/sources_1/bd/Fir_filter/ip/Fir_filter_auto_pc_0/Fir_filter_auto_pc_0_sim_netlist.vhdl.
INFO: [IP_Flow 19-6926] IPCACHE: added file to list for BOM: c:/Projects/ERN24004/Projects/Cora-Z7-07S-AD1_DMA/Cora-Z7-07S-AD1_DMA.gen/sources_1/bd/Fir_filter/ip/Fir_filter_auto_pc_0/Fir_filter_auto_pc_0_sim_netlist.vhdl
INFO: [IP_Flow 19-6928] IPCACHE: copied cached file c:/Projects/ERN24004/Projects/Cora-Z7-07S-AD1_DMA/Cora-Z7-07S-AD1_DMA.cache/ip/2024.1.2/8/3/8303ab40dec7ec38/Fir_filter_auto_pc_0_stub.v to c:/Projects/ERN24004/Projects/Cora-Z7-07S-AD1_DMA/Cora-Z7-07S-AD1_DMA.gen/sources_1/bd/Fir_filter/ip/Fir_filter_auto_pc_0/Fir_filter_auto_pc_0_stub.v.
INFO: [IP_Flow 19-6926] IPCACHE: added file to list for BOM: c:/Projects/ERN24004/Projects/Cora-Z7-07S-AD1_DMA/Cora-Z7-07S-AD1_DMA.gen/sources_1/bd/Fir_filter/ip/Fir_filter_auto_pc_0/Fir_filter_auto_pc_0_stub.v
INFO: [IP_Flow 19-6928] IPCACHE: copied cached file c:/Projects/ERN24004/Projects/Cora-Z7-07S-AD1_DMA/Cora-Z7-07S-AD1_DMA.cache/ip/2024.1.2/8/3/8303ab40dec7ec38/Fir_filter_auto_pc_0_stub.vhdl to c:/Projects/ERN24004/Projects/Cora-Z7-07S-AD1_DMA/Cora-Z7-07S-AD1_DMA.gen/sources_1/bd/Fir_filter/ip/Fir_filter_auto_pc_0/Fir_filter_auto_pc_0_stub.vhdl.
INFO: [IP_Flow 19-6926] IPCACHE: added file to list for BOM: c:/Projects/ERN24004/Projects/Cora-Z7-07S-AD1_DMA/Cora-Z7-07S-AD1_DMA.gen/sources_1/bd/Fir_filter/ip/Fir_filter_auto_pc_0/Fir_filter_auto_pc_0_stub.vhdl
INFO: [IP_Flow 19-4993] Using cached IP synthesis design for IP Fir_filter_auto_pc_0, cache-ID = 8303ab40dec7ec38; cache size = 4.502 MB.
INFO: [IP_Flow 19-6924] IPCACHE: Running cache check for IP inst: Fir_filter_auto_pc_1
INFO: [IP_Flow 19-6922] IPCACHE: Exporting cached entry 50892183888ec938 to dir: c:/Projects/ERN24004/Projects/Cora-Z7-07S-AD1_DMA/Cora-Z7-07S-AD1_DMA.gen/sources_1/bd/Fir_filter/ip/Fir_filter_auto_pc_1
INFO: [IP_Flow 19-6928] IPCACHE: copied cached file c:/Projects/ERN24004/Projects/Cora-Z7-07S-AD1_DMA/Cora-Z7-07S-AD1_DMA.cache/ip/2024.1.2/5/0/50892183888ec938/Fir_filter_auto_pc_1.dcp to c:/Projects/ERN24004/Projects/Cora-Z7-07S-AD1_DMA/Cora-Z7-07S-AD1_DMA.gen/sources_1/bd/Fir_filter/ip/Fir_filter_auto_pc_1/Fir_filter_auto_pc_1.dcp.
INFO: [IP_Flow 19-6926] IPCACHE: added file to list for BOM: c:/Projects/ERN24004/Projects/Cora-Z7-07S-AD1_DMA/Cora-Z7-07S-AD1_DMA.gen/sources_1/bd/Fir_filter/ip/Fir_filter_auto_pc_1/Fir_filter_auto_pc_1.dcp
INFO: [IP_Flow 19-6928] IPCACHE: copied cached file c:/Projects/ERN24004/Projects/Cora-Z7-07S-AD1_DMA/Cora-Z7-07S-AD1_DMA.cache/ip/2024.1.2/5/0/50892183888ec938/Fir_filter_auto_pc_1_sim_netlist.v to c:/Projects/ERN24004/Projects/Cora-Z7-07S-AD1_DMA/Cora-Z7-07S-AD1_DMA.gen/sources_1/bd/Fir_filter/ip/Fir_filter_auto_pc_1/Fir_filter_auto_pc_1_sim_netlist.v.
INFO: [IP_Flow 19-6926] IPCACHE: added file to list for BOM: c:/Projects/ERN24004/Projects/Cora-Z7-07S-AD1_DMA/Cora-Z7-07S-AD1_DMA.gen/sources_1/bd/Fir_filter/ip/Fir_filter_auto_pc_1/Fir_filter_auto_pc_1_sim_netlist.v
INFO: [IP_Flow 19-6928] IPCACHE: copied cached file c:/Projects/ERN24004/Projects/Cora-Z7-07S-AD1_DMA/Cora-Z7-07S-AD1_DMA.cache/ip/2024.1.2/5/0/50892183888ec938/Fir_filter_auto_pc_1_sim_netlist.vhdl to c:/Projects/ERN24004/Projects/Cora-Z7-07S-AD1_DMA/Cora-Z7-07S-AD1_DMA.gen/sources_1/bd/Fir_filter/ip/Fir_filter_auto_pc_1/Fir_filter_auto_pc_1_sim_netlist.vhdl.
INFO: [IP_Flow 19-6926] IPCACHE: added file to list for BOM: c:/Projects/ERN24004/Projects/Cora-Z7-07S-AD1_DMA/Cora-Z7-07S-AD1_DMA.gen/sources_1/bd/Fir_filter/ip/Fir_filter_auto_pc_1/Fir_filter_auto_pc_1_sim_netlist.vhdl
INFO: [IP_Flow 19-6928] IPCACHE: copied cached file c:/Projects/ERN24004/Projects/Cora-Z7-07S-AD1_DMA/Cora-Z7-07S-AD1_DMA.cache/ip/2024.1.2/5/0/50892183888ec938/Fir_filter_auto_pc_1_stub.v to c:/Projects/ERN24004/Projects/Cora-Z7-07S-AD1_DMA/Cora-Z7-07S-AD1_DMA.gen/sources_1/bd/Fir_filter/ip/Fir_filter_auto_pc_1/Fir_filter_auto_pc_1_stub.v.
INFO: [IP_Flow 19-6926] IPCACHE: added file to list for BOM: c:/Projects/ERN24004/Projects/Cora-Z7-07S-AD1_DMA/Cora-Z7-07S-AD1_DMA.gen/sources_1/bd/Fir_filter/ip/Fir_filter_auto_pc_1/Fir_filter_auto_pc_1_stub.v
INFO: [IP_Flow 19-6928] IPCACHE: copied cached file c:/Projects/ERN24004/Projects/Cora-Z7-07S-AD1_DMA/Cora-Z7-07S-AD1_DMA.cache/ip/2024.1.2/5/0/50892183888ec938/Fir_filter_auto_pc_1_stub.vhdl to c:/Projects/ERN24004/Projects/Cora-Z7-07S-AD1_DMA/Cora-Z7-07S-AD1_DMA.gen/sources_1/bd/Fir_filter/ip/Fir_filter_auto_pc_1/Fir_filter_auto_pc_1_stub.vhdl.
INFO: [IP_Flow 19-6926] IPCACHE: added file to list for BOM: c:/Projects/ERN24004/Projects/Cora-Z7-07S-AD1_DMA/Cora-Z7-07S-AD1_DMA.gen/sources_1/bd/Fir_filter/ip/Fir_filter_auto_pc_1/Fir_filter_auto_pc_1_stub.vhdl
INFO: [IP_Flow 19-4993] Using cached IP synthesis design for IP Fir_filter_auto_pc_1, cache-ID = 50892183888ec938; cache size = 4.502 MB.
INFO: [IP_Flow 19-6924] IPCACHE: Running cache check for IP inst: Fir_filter_auto_us_0
INFO: [IP_Flow 19-6922] IPCACHE: Exporting cached entry bbc0ea1de9cf99d6 to dir: c:/Projects/ERN24004/Projects/Cora-Z7-07S-AD1_DMA/Cora-Z7-07S-AD1_DMA.gen/sources_1/bd/Fir_filter/ip/Fir_filter_auto_us_0
INFO: [IP_Flow 19-6928] IPCACHE: copied cached file c:/Projects/ERN24004/Projects/Cora-Z7-07S-AD1_DMA/Cora-Z7-07S-AD1_DMA.cache/ip/2024.1.2/b/b/bbc0ea1de9cf99d6/Fir_filter_auto_us_0.dcp to c:/Projects/ERN24004/Projects/Cora-Z7-07S-AD1_DMA/Cora-Z7-07S-AD1_DMA.gen/sources_1/bd/Fir_filter/ip/Fir_filter_auto_us_0/Fir_filter_auto_us_0.dcp.
INFO: [IP_Flow 19-6926] IPCACHE: added file to list for BOM: c:/Projects/ERN24004/Projects/Cora-Z7-07S-AD1_DMA/Cora-Z7-07S-AD1_DMA.gen/sources_1/bd/Fir_filter/ip/Fir_filter_auto_us_0/Fir_filter_auto_us_0.dcp
INFO: [IP_Flow 19-6928] IPCACHE: copied cached file c:/Projects/ERN24004/Projects/Cora-Z7-07S-AD1_DMA/Cora-Z7-07S-AD1_DMA.cache/ip/2024.1.2/b/b/bbc0ea1de9cf99d6/Fir_filter_auto_us_0_sim_netlist.v to c:/Projects/ERN24004/Projects/Cora-Z7-07S-AD1_DMA/Cora-Z7-07S-AD1_DMA.gen/sources_1/bd/Fir_filter/ip/Fir_filter_auto_us_0/Fir_filter_auto_us_0_sim_netlist.v.
INFO: [IP_Flow 19-6926] IPCACHE: added file to list for BOM: c:/Projects/ERN24004/Projects/Cora-Z7-07S-AD1_DMA/Cora-Z7-07S-AD1_DMA.gen/sources_1/bd/Fir_filter/ip/Fir_filter_auto_us_0/Fir_filter_auto_us_0_sim_netlist.v
INFO: [IP_Flow 19-6928] IPCACHE: copied cached file c:/Projects/ERN24004/Projects/Cora-Z7-07S-AD1_DMA/Cora-Z7-07S-AD1_DMA.cache/ip/2024.1.2/b/b/bbc0ea1de9cf99d6/Fir_filter_auto_us_0_sim_netlist.vhdl to c:/Projects/ERN24004/Projects/Cora-Z7-07S-AD1_DMA/Cora-Z7-07S-AD1_DMA.gen/sources_1/bd/Fir_filter/ip/Fir_filter_auto_us_0/Fir_filter_auto_us_0_sim_netlist.vhdl.
INFO: [IP_Flow 19-6926] IPCACHE: added file to list for BOM: c:/Projects/ERN24004/Projects/Cora-Z7-07S-AD1_DMA/Cora-Z7-07S-AD1_DMA.gen/sources_1/bd/Fir_filter/ip/Fir_filter_auto_us_0/Fir_filter_auto_us_0_sim_netlist.vhdl
INFO: [IP_Flow 19-6928] IPCACHE: copied cached file c:/Projects/ERN24004/Projects/Cora-Z7-07S-AD1_DMA/Cora-Z7-07S-AD1_DMA.cache/ip/2024.1.2/b/b/bbc0ea1de9cf99d6/Fir_filter_auto_us_0_stub.v to c:/Projects/ERN24004/Projects/Cora-Z7-07S-AD1_DMA/Cora-Z7-07S-AD1_DMA.gen/sources_1/bd/Fir_filter/ip/Fir_filter_auto_us_0/Fir_filter_auto_us_0_stub.v.
INFO: [IP_Flow 19-6926] IPCACHE: added file to list for BOM: c:/Projects/ERN24004/Projects/Cora-Z7-07S-AD1_DMA/Cora-Z7-07S-AD1_DMA.gen/sources_1/bd/Fir_filter/ip/Fir_filter_auto_us_0/Fir_filter_auto_us_0_stub.v
INFO: [IP_Flow 19-6928] IPCACHE: copied cached file c:/Projects/ERN24004/Projects/Cora-Z7-07S-AD1_DMA/Cora-Z7-07S-AD1_DMA.cache/ip/2024.1.2/b/b/bbc0ea1de9cf99d6/Fir_filter_auto_us_0_stub.vhdl to c:/Projects/ERN24004/Projects/Cora-Z7-07S-AD1_DMA/Cora-Z7-07S-AD1_DMA.gen/sources_1/bd/Fir_filter/ip/Fir_filter_auto_us_0/Fir_filter_auto_us_0_stub.vhdl.
INFO: [IP_Flow 19-6926] IPCACHE: added file to list for BOM: c:/Projects/ERN24004/Projects/Cora-Z7-07S-AD1_DMA/Cora-Z7-07S-AD1_DMA.gen/sources_1/bd/Fir_filter/ip/Fir_filter_auto_us_0/Fir_filter_auto_us_0_stub.vhdl
INFO: [IP_Flow 19-4993] Using cached IP synthesis design for IP Fir_filter_auto_us_0, cache-ID = bbc0ea1de9cf99d6; cache size = 4.502 MB.
INFO: [IP_Flow 19-6924] IPCACHE: Running cache check for IP inst: Fir_filter_auto_us_1
INFO: [IP_Flow 19-6922] IPCACHE: Exporting cached entry f171da39e8932f68 to dir: c:/Projects/ERN24004/Projects/Cora-Z7-07S-AD1_DMA/Cora-Z7-07S-AD1_DMA.gen/sources_1/bd/Fir_filter/ip/Fir_filter_auto_us_1
INFO: [IP_Flow 19-6928] IPCACHE: copied cached file c:/Projects/ERN24004/Projects/Cora-Z7-07S-AD1_DMA/Cora-Z7-07S-AD1_DMA.cache/ip/2024.1.2/f/1/f171da39e8932f68/Fir_filter_auto_us_1.dcp to c:/Projects/ERN24004/Projects/Cora-Z7-07S-AD1_DMA/Cora-Z7-07S-AD1_DMA.gen/sources_1/bd/Fir_filter/ip/Fir_filter_auto_us_1/Fir_filter_auto_us_1.dcp.
INFO: [IP_Flow 19-6926] IPCACHE: added file to list for BOM: c:/Projects/ERN24004/Projects/Cora-Z7-07S-AD1_DMA/Cora-Z7-07S-AD1_DMA.gen/sources_1/bd/Fir_filter/ip/Fir_filter_auto_us_1/Fir_filter_auto_us_1.dcp
INFO: [IP_Flow 19-6928] IPCACHE: copied cached file c:/Projects/ERN24004/Projects/Cora-Z7-07S-AD1_DMA/Cora-Z7-07S-AD1_DMA.cache/ip/2024.1.2/f/1/f171da39e8932f68/Fir_filter_auto_us_1_sim_netlist.v to c:/Projects/ERN24004/Projects/Cora-Z7-07S-AD1_DMA/Cora-Z7-07S-AD1_DMA.gen/sources_1/bd/Fir_filter/ip/Fir_filter_auto_us_1/Fir_filter_auto_us_1_sim_netlist.v.
INFO: [IP_Flow 19-6926] IPCACHE: added file to list for BOM: c:/Projects/ERN24004/Projects/Cora-Z7-07S-AD1_DMA/Cora-Z7-07S-AD1_DMA.gen/sources_1/bd/Fir_filter/ip/Fir_filter_auto_us_1/Fir_filter_auto_us_1_sim_netlist.v
INFO: [IP_Flow 19-6928] IPCACHE: copied cached file c:/Projects/ERN24004/Projects/Cora-Z7-07S-AD1_DMA/Cora-Z7-07S-AD1_DMA.cache/ip/2024.1.2/f/1/f171da39e8932f68/Fir_filter_auto_us_1_sim_netlist.vhdl to c:/Projects/ERN24004/Projects/Cora-Z7-07S-AD1_DMA/Cora-Z7-07S-AD1_DMA.gen/sources_1/bd/Fir_filter/ip/Fir_filter_auto_us_1/Fir_filter_auto_us_1_sim_netlist.vhdl.
INFO: [IP_Flow 19-6926] IPCACHE: added file to list for BOM: c:/Projects/ERN24004/Projects/Cora-Z7-07S-AD1_DMA/Cora-Z7-07S-AD1_DMA.gen/sources_1/bd/Fir_filter/ip/Fir_filter_auto_us_1/Fir_filter_auto_us_1_sim_netlist.vhdl
INFO: [IP_Flow 19-6928] IPCACHE: copied cached file c:/Projects/ERN24004/Projects/Cora-Z7-07S-AD1_DMA/Cora-Z7-07S-AD1_DMA.cache/ip/2024.1.2/f/1/f171da39e8932f68/Fir_filter_auto_us_1_stub.v to c:/Projects/ERN24004/Projects/Cora-Z7-07S-AD1_DMA/Cora-Z7-07S-AD1_DMA.gen/sources_1/bd/Fir_filter/ip/Fir_filter_auto_us_1/Fir_filter_auto_us_1_stub.v.
INFO: [IP_Flow 19-6926] IPCACHE: added file to list for BOM: c:/Projects/ERN24004/Projects/Cora-Z7-07S-AD1_DMA/Cora-Z7-07S-AD1_DMA.gen/sources_1/bd/Fir_filter/ip/Fir_filter_auto_us_1/Fir_filter_auto_us_1_stub.v
INFO: [IP_Flow 19-6928] IPCACHE: copied cached file c:/Projects/ERN24004/Projects/Cora-Z7-07S-AD1_DMA/Cora-Z7-07S-AD1_DMA.cache/ip/2024.1.2/f/1/f171da39e8932f68/Fir_filter_auto_us_1_stub.vhdl to c:/Projects/ERN24004/Projects/Cora-Z7-07S-AD1_DMA/Cora-Z7-07S-AD1_DMA.gen/sources_1/bd/Fir_filter/ip/Fir_filter_auto_us_1/Fir_filter_auto_us_1_stub.vhdl.
INFO: [IP_Flow 19-6926] IPCACHE: added file to list for BOM: c:/Projects/ERN24004/Projects/Cora-Z7-07S-AD1_DMA/Cora-Z7-07S-AD1_DMA.gen/sources_1/bd/Fir_filter/ip/Fir_filter_auto_us_1/Fir_filter_auto_us_1_stub.vhdl
INFO: [IP_Flow 19-4993] Using cached IP synthesis design for IP Fir_filter_auto_us_1, cache-ID = f171da39e8932f68; cache size = 4.502 MB.
INFO: [IP_Flow 19-6924] IPCACHE: Running cache check for IP inst: Fir_filter_xbar_1
[Thu Nov  7 11:10:44 2024] Launched Fir_filter_processing_system7_0_0_synth_1, Fir_filter_xbar_1_synth_1, Fir_filter_PmodAD1_0_0_synth_1, synth_1...
Run output will be captured here:
Fir_filter_processing_system7_0_0_synth_1: C:/Projects/ERN24004/Projects/Cora-Z7-07S-AD1_DMA/Cora-Z7-07S-AD1_DMA.runs/Fir_filter_processing_system7_0_0_synth_1/runme.log
Fir_filter_xbar_1_synth_1: C:/Projects/ERN24004/Projects/Cora-Z7-07S-AD1_DMA/Cora-Z7-07S-AD1_DMA.runs/Fir_filter_xbar_1_synth_1/runme.log
Fir_filter_PmodAD1_0_0_synth_1: C:/Projects/ERN24004/Projects/Cora-Z7-07S-AD1_DMA/Cora-Z7-07S-AD1_DMA.runs/Fir_filter_PmodAD1_0_0_synth_1/runme.log
synth_1: C:/Projects/ERN24004/Projects/Cora-Z7-07S-AD1_DMA/Cora-Z7-07S-AD1_DMA.runs/synth_1/runme.log
[Thu Nov  7 11:10:44 2024] Launched impl_1...
Run output will be captured here: C:/Projects/ERN24004/Projects/Cora-Z7-07S-AD1_DMA/Cora-Z7-07S-AD1_DMA.runs/impl_1/runme.log
launch_runs: Time (s): cpu = 00:00:10 ; elapsed = 00:00:21 . Memory (MB): peak = 2417.219 ; gain = 366.984
